{"level":"info","message":"Created directory: /home/xavious/Documents/Project/deep-learning-content-recognition_2 (2)/backend/storage/temp/frames","service":"deep-learning-content-recognition","timestamp":"2025-10-05 23:31:26"}
{"level":"info","message":"✅ Database initialized successfully","service":"deep-learning-content-recognition","timestamp":"2025-10-05 23:31:26"}
{"level":"info","message":"✅ Database initialized successfully","service":"deep-learning-content-recognition","timestamp":"2025-10-05 23:32:20"}
{"level":"info","message":"✅ Database initialized successfully","service":"deep-learning-content-recognition","timestamp":"2025-10-05 23:32:47"}
{"filename":"Mehndi Ceremony.png","level":"info","message":"File validation passed","mimetype":"image/png","service":"deep-learning-content-recognition","size":854670,"timestamp":"2025-10-05 23:33:04"}
{"filePath":"/home/xavious/Documents/Project/deep-learning-content-recognition_2 (2)/backend/storage/uploads/images/e3dabd9f7734144755f7389a415abe43","level":"info","message":"Starting image analysis","service":"deep-learning-content-recognition","timestamp":"2025-10-05 23:33:04"}
{"category":"politics","confidence":"85.00%","level":"info","message":"Analysis completed","processingTime":118,"service":"deep-learning-content-recognition","timestamp":"2025-10-05 23:33:04","type":"image"}
{"id":1,"level":"info","message":"Analysis saved to database","service":"deep-learning-content-recognition","timestamp":"2025-10-05 23:33:04","type":"image"}
{"filename":"Mehndi Ceremony.png","level":"info","message":"File validation passed","mimetype":"image/png","service":"deep-learning-content-recognition","size":854670,"timestamp":"2025-10-05 23:33:24"}
{"filePath":"/home/xavious/Documents/Project/deep-learning-content-recognition_2 (2)/backend/storage/uploads/images/2a0f2960b3e36e5492d1a60d3c35c27f","level":"info","message":"Starting image analysis","service":"deep-learning-content-recognition","timestamp":"2025-10-05 23:33:24"}
{"category":"politics","confidence":"85.00%","level":"info","message":"Analysis completed","processingTime":129,"service":"deep-learning-content-recognition","timestamp":"2025-10-05 23:33:24","type":"image"}
{"id":2,"level":"info","message":"Analysis saved to database","service":"deep-learning-content-recognition","timestamp":"2025-10-05 23:33:24","type":"image"}
{"level":"info","message":"SIGINT signal received: closing server","service":"deep-learning-content-recognition","timestamp":"2025-10-05 23:35:41"}
{"level":"info","message":"✅ Database initialized successfully","service":"deep-learning-content-recognition","timestamp":"2025-10-05 23:35:51"}
{"filename":"Mehndi Ceremony.png","level":"info","message":"File validation passed","mimetype":"image/png","service":"deep-learning-content-recognition","size":854670,"timestamp":"2025-10-05 23:36:12"}
{"filePath":"/home/xavious/Documents/Project/deep-learning-content-recognition_2 (2)/backend/storage/uploads/images/d4aeb9990515c81fe78584f55f39bffa","level":"info","message":"Starting image analysis","service":"deep-learning-content-recognition","timestamp":"2025-10-05 23:36:12"}
{"category":"politics","confidence":"85.00%","level":"info","message":"Analysis completed","processingTime":120,"service":"deep-learning-content-recognition","timestamp":"2025-10-05 23:36:12","type":"image"}
{"id":3,"level":"info","message":"Analysis saved to database","service":"deep-learning-content-recognition","timestamp":"2025-10-05 23:36:12","type":"image"}
{"filename":"Mehndi Ceremony.png","level":"info","message":"File validation passed","mimetype":"image/png","service":"deep-learning-content-recognition","size":854670,"timestamp":"2025-10-05 23:39:56"}
{"filePath":"/home/xavious/Documents/Project/deep-learning-content-recognition_2 (2)/backend/storage/uploads/images/0fce5f6d0da5c608e0c69432fed81a85","level":"info","message":"Starting image analysis","service":"deep-learning-content-recognition","timestamp":"2025-10-05 23:39:56"}
{"category":"politics","confidence":"85.00%","level":"info","message":"Analysis completed","processingTime":118,"service":"deep-learning-content-recognition","timestamp":"2025-10-05 23:39:56","type":"image"}
{"id":4,"level":"info","message":"Analysis saved to database","service":"deep-learning-content-recognition","timestamp":"2025-10-05 23:39:56","type":"image"}
{"filename":"4600700-1165469029.png","level":"info","message":"File validation passed","mimetype":"image/png","service":"deep-learning-content-recognition","size":379688,"timestamp":"2025-10-05 23:41:24"}
{"filePath":"/home/xavious/Documents/Project/deep-learning-content-recognition_2 (2)/backend/storage/uploads/images/8bd2ad439194132f4c9a36e3659bd8b4","level":"info","message":"Starting image analysis","service":"deep-learning-content-recognition","timestamp":"2025-10-05 23:41:24"}
{"category":"politics","confidence":"85.00%","level":"info","message":"Analysis completed","processingTime":38,"service":"deep-learning-content-recognition","timestamp":"2025-10-05 23:41:24","type":"image"}
{"id":5,"level":"info","message":"Analysis saved to database","service":"deep-learning-content-recognition","timestamp":"2025-10-05 23:41:24","type":"image"}
{"level":"info","message":"✅ Database initialized successfully","service":"deep-learning-content-recognition","timestamp":"2025-10-18 20:15:17"}
{"filename":"acb93ad7_z_proc.jpg","level":"info","message":"File validation passed","mimetype":"image/jpeg","service":"deep-learning-content-recognition","size":137125,"timestamp":"2025-10-18 20:17:32"}
{"filePath":"/home/xavious/Documents/Project/news_deep-learning-content-recognition/backend/storage/uploads/images/a8466811a1516cfafd43003794d56114","level":"info","message":"Starting image analysis","service":"deep-learning-content-recognition","timestamp":"2025-10-18 20:17:32"}
{"category":"politics","confidence":"85.00%","level":"info","message":"Analysis completed","processingTime":81,"service":"deep-learning-content-recognition","timestamp":"2025-10-18 20:17:32","type":"image"}
{"id":6,"level":"info","message":"Analysis saved to database","service":"deep-learning-content-recognition","timestamp":"2025-10-18 20:17:32","type":"image"}
{"filename":"f3b5676e_z_proc.jpg","level":"info","message":"File validation passed","mimetype":"image/jpeg","service":"deep-learning-content-recognition","size":135507,"timestamp":"2025-10-18 20:25:45"}
{"filePath":"/home/xavious/Documents/Project/news_deep-learning-content-recognition/backend/storage/uploads/images/4b2d962e951316d5165a4edddc810b9f","level":"info","message":"Starting image analysis","service":"deep-learning-content-recognition","timestamp":"2025-10-18 20:25:45"}
{"category":"politics","confidence":"85.00%","level":"info","message":"Analysis completed","processingTime":54,"service":"deep-learning-content-recognition","timestamp":"2025-10-18 20:25:45","type":"image"}
{"id":7,"level":"info","message":"Analysis saved to database","service":"deep-learning-content-recognition","timestamp":"2025-10-18 20:25:45","type":"image"}
{"error":"File too large","ip":"::1","level":"error","message":"Error occurred","method":"POST","service":"deep-learning-content-recognition","stack":"MulterError: File too large\n    at abortWithCode (/home/xavious/Documents/Project/news_deep-learning-content-recognition/backend/node_modules/multer/lib/make-middleware.js:85:22)\n    at FileStream.<anonymous> (/home/xavious/Documents/Project/news_deep-learning-content-recognition/backend/node_modules/multer/lib/make-middleware.js:155:11)\n    at FileStream.emit (node:events:517:28)\n    at SBMH.ssCb [as _cb] (/home/xavious/Documents/Project/news_deep-learning-content-recognition/backend/node_modules/busboy/lib/types/multipart.js:479:32)\n    at feed (/home/xavious/Documents/Project/news_deep-learning-content-recognition/backend/node_modules/streamsearch/lib/sbmh.js:248:10)\n    at SBMH.push (/home/xavious/Documents/Project/news_deep-learning-content-recognition/backend/node_modules/streamsearch/lib/sbmh.js:104:16)\n    at Multipart._write (/home/xavious/Documents/Project/news_deep-learning-content-recognition/backend/node_modules/busboy/lib/types/multipart.js:567:19)\n    at writeOrBuffer (node:internal/streams/writable:392:12)\n    at _write (node:internal/streams/writable:333:10)\n    at Writable.write (node:internal/streams/writable:337:10)","timestamp":"2025-10-18 20:26:28","url":"/api/v1/analyze/video"}
{"filename":"videoplayback.mp4","level":"info","message":"File validation passed","mimetype":"video/mp4","service":"deep-learning-content-recognition","size":43192238,"timestamp":"2025-10-18 20:29:15"}
{"filePath":"/home/xavious/Documents/Project/news_deep-learning-content-recognition/backend/storage/uploads/images/de01959a4bcb0a4e21dc946b8418d622","level":"info","message":"Starting video analysis","service":"deep-learning-content-recognition","timestamp":"2025-10-18 20:29:15"}
{"category":"politics","confidence":"88.00%","level":"info","message":"Analysis completed","processingTime":4,"service":"deep-learning-content-recognition","timestamp":"2025-10-18 20:29:15","type":"video"}
{"id":8,"level":"info","message":"Analysis saved to database","service":"deep-learning-content-recognition","timestamp":"2025-10-18 20:29:15","type":"video"}
{"filename":"429012895.jpg","level":"info","message":"File validation passed","mimetype":"image/jpeg","service":"deep-learning-content-recognition","size":125340,"timestamp":"2025-10-18 20:29:52"}
{"filePath":"/home/xavious/Documents/Project/news_deep-learning-content-recognition/backend/storage/uploads/images/df3a7e5c5a6cc8ec778f49a727b97c29","level":"info","message":"Starting image analysis","service":"deep-learning-content-recognition","timestamp":"2025-10-18 20:29:52"}
{"category":"politics","confidence":"85.00%","level":"info","message":"Analysis completed","processingTime":80,"service":"deep-learning-content-recognition","timestamp":"2025-10-18 20:29:53","type":"image"}
{"id":9,"level":"info","message":"Analysis saved to database","service":"deep-learning-content-recognition","timestamp":"2025-10-18 20:29:53","type":"image"}
{"filename":"class diagram swntiment.png","level":"info","message":"File validation passed","mimetype":"image/png","service":"deep-learning-content-recognition","size":83438,"timestamp":"2025-10-18 20:30:08"}
{"filePath":"/home/xavious/Documents/Project/news_deep-learning-content-recognition/backend/storage/uploads/images/c17733d1ce00bd2a674c43b7e2b9d403","level":"info","message":"Starting image analysis","service":"deep-learning-content-recognition","timestamp":"2025-10-18 20:30:08"}
{"category":"politics","confidence":"85.00%","level":"info","message":"Analysis completed","processingTime":60,"service":"deep-learning-content-recognition","timestamp":"2025-10-18 20:30:08","type":"image"}
{"id":10,"level":"info","message":"Analysis saved to database","service":"deep-learning-content-recognition","timestamp":"2025-10-18 20:30:08","type":"image"}
{"level":"info","message":"SIGINT signal received: closing server","service":"deep-learning-content-recognition","timestamp":"2025-10-18 20:34:07"}
{"level":"info","message":"✅ Database initialized successfully","service":"deep-learning-content-recognition","timestamp":"2025-10-18 20:35:10"}
{"filename":"image_3936178_ea44ef22-db29-465f-83ed-8e50efa15439_proc.jpeg","level":"info","message":"File validation passed","mimetype":"image/jpeg","service":"deep-learning-content-recognition","size":284517,"timestamp":"2025-10-18 20:35:23"}
{"filePath":"/home/xavious/Documents/Project/news_deep-learning-content-recognition/backend/storage/uploads/images/b14042098ab36b370097bf6d2877d28b","level":"info","message":"Starting image analysis","service":"deep-learning-content-recognition","timestamp":"2025-10-18 20:35:23"}
{"category":"general","confidence":"37.51%","level":"info","message":"Analysis completed","processingTime":9589,"service":"deep-learning-content-recognition","timestamp":"2025-10-18 20:35:33","type":"image"}
{"id":11,"level":"info","message":"Analysis saved to database","service":"deep-learning-content-recognition","timestamp":"2025-10-18 20:35:33","type":"image"}
{"filename":"4600700-1165469029.png","level":"info","message":"File validation passed","mimetype":"image/png","service":"deep-learning-content-recognition","size":379688,"timestamp":"2025-10-18 20:36:41"}
{"filePath":"/home/xavious/Documents/Project/news_deep-learning-content-recognition/backend/storage/uploads/images/75c1826159f8e1eb781f519e42405bd2","level":"info","message":"Starting image analysis","service":"deep-learning-content-recognition","timestamp":"2025-10-18 20:36:41"}
{"category":"politics","confidence":"84.29%","level":"info","message":"Analysis completed","processingTime":167,"service":"deep-learning-content-recognition","timestamp":"2025-10-18 20:36:41","type":"image"}
{"id":12,"level":"info","message":"Analysis saved to database","service":"deep-learning-content-recognition","timestamp":"2025-10-18 20:36:41","type":"image"}
{"filename":"4600700-1165469029.png","level":"info","message":"File validation passed","mimetype":"image/png","service":"deep-learning-content-recognition","size":379688,"timestamp":"2025-10-18 20:36:48"}
{"filePath":"/home/xavious/Documents/Project/news_deep-learning-content-recognition/backend/storage/uploads/images/841c0b9046e7b677305f4c4d23141a0c","level":"info","message":"Starting image analysis","service":"deep-learning-content-recognition","timestamp":"2025-10-18 20:36:48"}
{"category":"politics","confidence":"84.29%","level":"info","message":"Analysis completed","processingTime":139,"service":"deep-learning-content-recognition","timestamp":"2025-10-18 20:36:48","type":"image"}
{"id":13,"level":"info","message":"Analysis saved to database","service":"deep-learning-content-recognition","timestamp":"2025-10-18 20:36:48","type":"image"}
{"filename":"image_3936178_9d939d22-b45b-474d-9a07-50f37998233f_proc.jpeg","level":"info","message":"File validation passed","mimetype":"image/jpeg","service":"deep-learning-content-recognition","size":631552,"timestamp":"2025-10-18 20:36:54"}
{"filePath":"/home/xavious/Documents/Project/news_deep-learning-content-recognition/backend/storage/uploads/images/de32c43143ff5a9615958e60b1423c9c","level":"info","message":"Starting image analysis","service":"deep-learning-content-recognition","timestamp":"2025-10-18 20:36:54"}
{"category":"general","confidence":"49.92%","level":"info","message":"Analysis completed","processingTime":306,"service":"deep-learning-content-recognition","timestamp":"2025-10-18 20:36:55","type":"image"}
{"id":14,"level":"info","message":"Analysis saved to database","service":"deep-learning-content-recognition","timestamp":"2025-10-18 20:36:55","type":"image"}
{"level":"info","message":"SIGINT signal received: closing server","service":"deep-learning-content-recognition","timestamp":"2025-10-18 20:38:58"}
{"level":"info","message":"✅ Database initialized successfully","service":"deep-learning-content-recognition","timestamp":"2025-10-18 20:39:27"}
{"filename":"videoplayback.mp4","level":"info","message":"File validation passed","mimetype":"video/mp4","service":"deep-learning-content-recognition","size":43192238,"timestamp":"2025-10-18 20:39:40"}
{"filePath":"/home/xavious/Documents/Project/news_deep-learning-content-recognition/backend/storage/uploads/images/6232aa9163d7af67185bda5293cabd5b","level":"info","message":"Starting video analysis","service":"deep-learning-content-recognition","timestamp":"2025-10-18 20:39:40"}
{"category":"politics","confidence":"88.00%","level":"info","message":"Analysis completed","processingTime":9660,"service":"deep-learning-content-recognition","timestamp":"2025-10-18 20:39:49","type":"video"}
{"id":15,"level":"info","message":"Analysis saved to database","service":"deep-learning-content-recognition","timestamp":"2025-10-18 20:39:49","type":"video"}
{"filename":"image_3936178_9d939d22-b45b-474d-9a07-50f37998233f_proc.jpeg","level":"info","message":"File validation passed","mimetype":"image/jpeg","service":"deep-learning-content-recognition","size":631552,"timestamp":"2025-10-18 20:40:13"}
{"filePath":"/home/xavious/Documents/Project/news_deep-learning-content-recognition/backend/storage/uploads/images/f4b5bfc4bc6c0b53a276707651b1d735","level":"info","message":"Starting image analysis","service":"deep-learning-content-recognition","timestamp":"2025-10-18 20:40:13"}
{"category":"general","confidence":"49.92%","level":"info","message":"Analysis completed","processingTime":11841,"service":"deep-learning-content-recognition","timestamp":"2025-10-18 20:40:25","type":"image"}
{"id":16,"level":"info","message":"Analysis saved to database","service":"deep-learning-content-recognition","timestamp":"2025-10-18 20:40:25","type":"image"}
{"filename":"4600700-1165469029.png","level":"info","message":"File validation passed","mimetype":"image/png","service":"deep-learning-content-recognition","size":379688,"timestamp":"2025-10-18 20:40:39"}
{"filePath":"/home/xavious/Documents/Project/news_deep-learning-content-recognition/backend/storage/uploads/images/3f2df781f6a3a3c9d85c796712e917a5","level":"info","message":"Starting image analysis","service":"deep-learning-content-recognition","timestamp":"2025-10-18 20:40:39"}
{"category":"politics","confidence":"84.29%","level":"info","message":"Analysis completed","processingTime":140,"service":"deep-learning-content-recognition","timestamp":"2025-10-18 20:40:40","type":"image"}
{"id":17,"level":"info","message":"Analysis saved to database","service":"deep-learning-content-recognition","timestamp":"2025-10-18 20:40:40","type":"image"}
{"level":"info","message":"SIGINT signal received: closing server","service":"deep-learning-content-recognition","timestamp":"2025-10-18 20:40:53"}
{"level":"info","message":"✅ Database initialized successfully","service":"deep-learning-content-recognition","timestamp":"2026-01-25 12:00:20"}
{"filename":"1.jpg","level":"info","message":"File validation passed","mimetype":"image/jpeg","service":"deep-learning-content-recognition","size":6777409,"timestamp":"2026-01-25 12:01:29"}
{"filePath":"/home/xavious/Documents/Project/news_deep-learning-content-recognition/backend/storage/uploads/images/037422543ad2d09969a74e87fee5b403","level":"info","message":"Starting image analysis","service":"deep-learning-content-recognition","timestamp":"2026-01-25 12:01:29"}
{"category":"politics","confidence":"85.00%","level":"info","message":"Analysis completed","processingTime":15827,"service":"deep-learning-content-recognition","timestamp":"2026-01-25 12:01:45","type":"image"}
{"id":18,"level":"info","message":"Analysis saved to database","service":"deep-learning-content-recognition","timestamp":"2026-01-25 12:01:45","type":"image"}
{"filename":"4.jpg","level":"info","message":"File validation passed","mimetype":"image/jpeg","service":"deep-learning-content-recognition","size":6226502,"timestamp":"2026-01-25 12:27:00"}
{"filePath":"/home/xavious/Documents/Project/news_deep-learning-content-recognition/backend/storage/uploads/images/7906e19c07a80a60ec021e5875308df5","level":"info","message":"Starting image analysis","service":"deep-learning-content-recognition","timestamp":"2026-01-25 12:27:00"}
{"category":"politics","confidence":"85.00%","level":"info","message":"Analysis completed","processingTime":1056,"service":"deep-learning-content-recognition","timestamp":"2026-01-25 12:27:01","type":"image"}
{"id":19,"level":"info","message":"Analysis saved to database","service":"deep-learning-content-recognition","timestamp":"2026-01-25 12:27:01","type":"image"}
{"filename":"4.jpg","level":"info","message":"File validation passed","mimetype":"image/jpeg","service":"deep-learning-content-recognition","size":6226502,"timestamp":"2026-01-25 12:27:53"}
{"filePath":"/home/xavious/Documents/Project/news_deep-learning-content-recognition/backend/storage/uploads/images/80d49989a2802b2076bb47814b68ce75","level":"info","message":"Starting image analysis","service":"deep-learning-content-recognition","timestamp":"2026-01-25 12:27:53"}
{"category":"politics","confidence":"85.00%","level":"info","message":"Analysis completed","processingTime":341,"service":"deep-learning-content-recognition","timestamp":"2026-01-25 12:27:54","type":"image"}
{"id":20,"level":"info","message":"Analysis saved to database","service":"deep-learning-content-recognition","timestamp":"2026-01-25 12:27:54","type":"image"}
{"filename":"118679094.jpg","level":"info","message":"File validation passed","mimetype":"image/jpeg","service":"deep-learning-content-recognition","size":170760,"timestamp":"2026-01-25 12:28:18"}
{"filePath":"/home/xavious/Documents/Project/news_deep-learning-content-recognition/backend/storage/uploads/images/f59546ccc60aff694eff96649d384fcb","level":"info","message":"Starting image analysis","service":"deep-learning-content-recognition","timestamp":"2026-01-25 12:28:18"}
{"category":"politics","confidence":"85.00%","level":"info","message":"Analysis completed","processingTime":78,"service":"deep-learning-content-recognition","timestamp":"2026-01-25 12:28:18","type":"image"}
{"id":21,"level":"info","message":"Analysis saved to database","service":"deep-learning-content-recognition","timestamp":"2026-01-25 12:28:18","type":"image"}
{"level":"info","message":"SIGINT signal received: closing server","service":"deep-learning-content-recognition","timestamp":"2026-01-25 12:29:31"}
{"level":"info","message":"✅ Database initialized successfully","service":"deep-learning-content-recognition","timestamp":"2026-01-25 12:31:14"}
{"filename":"urban-stay-ladies-pg-hostel-ernakulam-hostels-for-women-gxrodptsoh.jpg","level":"info","message":"File validation passed","mimetype":"image/jpeg","service":"deep-learning-content-recognition","size":102749,"timestamp":"2026-01-25 12:31:31"}
{"filePath":"/home/xavious/Documents/Project/news_deep-learning-content-recognition/backend/storage/uploads/images/bf366396458165d6a3002a47e24a7689","level":"info","message":"Starting image analysis","service":"deep-learning-content-recognition","timestamp":"2026-01-25 12:31:31"}
{"category":"general","confidence":"20.10%","level":"info","message":"Analysis completed","processingTime":9149,"service":"deep-learning-content-recognition","timestamp":"2026-01-25 12:31:40","type":"image"}
{"id":22,"level":"info","message":"Analysis saved to database","service":"deep-learning-content-recognition","timestamp":"2026-01-25 12:31:40","type":"image"}
{"filename":"urban-stay-ladies-pg-hostel-ernakulam-hostels-for-women-gxrodptsoh.jpg","level":"info","message":"File validation passed","mimetype":"image/jpeg","service":"deep-learning-content-recognition","size":102749,"timestamp":"2026-01-25 12:32:12"}
{"filePath":"/home/xavious/Documents/Project/news_deep-learning-content-recognition/backend/storage/uploads/images/87ea616dcd052376278e182662542477","level":"info","message":"Starting image analysis","service":"deep-learning-content-recognition","timestamp":"2026-01-25 12:32:12"}
{"category":"general","confidence":"20.10%","level":"info","message":"Analysis completed","processingTime":171,"service":"deep-learning-content-recognition","timestamp":"2026-01-25 12:32:12","type":"image"}
{"id":23,"level":"info","message":"Analysis saved to database","service":"deep-learning-content-recognition","timestamp":"2026-01-25 12:32:12","type":"image"}
{"filename":"WhatsApp Image 2025-09-02 at 3.51.55 PM.jpeg","level":"info","message":"File validation passed","mimetype":"image/jpeg","service":"deep-learning-content-recognition","size":55048,"timestamp":"2026-01-25 12:32:24"}
{"filePath":"/home/xavious/Documents/Project/news_deep-learning-content-recognition/backend/storage/uploads/images/958dddda96af96a5680ec3d67bf989f3","level":"info","message":"Starting image analysis","service":"deep-learning-content-recognition","timestamp":"2026-01-25 12:32:24"}
{"category":"general","confidence":"14.01%","level":"info","message":"Analysis completed","processingTime":207,"service":"deep-learning-content-recognition","timestamp":"2026-01-25 12:32:24","type":"image"}
{"id":24,"level":"info","message":"Analysis saved to database","service":"deep-learning-content-recognition","timestamp":"2026-01-25 12:32:24","type":"image"}
{"filename":"gettyimages-1205995997-612x612.jpg","level":"info","message":"File validation passed","mimetype":"image/jpeg","service":"deep-learning-content-recognition","size":40115,"timestamp":"2026-01-25 12:33:55"}
{"filePath":"/home/xavious/Documents/Project/news_deep-learning-content-recognition/backend/storage/uploads/images/18f136935b66588db628bc392bef0d68","level":"info","message":"Starting image analysis","service":"deep-learning-content-recognition","timestamp":"2026-01-25 12:33:55"}
{"category":"sports","confidence":"54.86%","level":"info","message":"Analysis completed","processingTime":141,"service":"deep-learning-content-recognition","timestamp":"2026-01-25 12:33:55","type":"image"}
{"id":25,"level":"info","message":"Analysis saved to database","service":"deep-learning-content-recognition","timestamp":"2026-01-25 12:33:55","type":"image"}
{"filename":"gettyimages-1205995997-612x612.jpg","level":"info","message":"File validation passed","mimetype":"image/jpeg","service":"deep-learning-content-recognition","size":40115,"timestamp":"2026-01-25 12:35:07"}
{"filePath":"/home/xavious/Documents/Project/news_deep-learning-content-recognition/backend/storage/uploads/images/56cd15de8ed2c843a0927da20e34acf1","level":"info","message":"Starting image analysis","service":"deep-learning-content-recognition","timestamp":"2026-01-25 12:35:07"}
{"category":"sports","confidence":"54.86%","level":"info","message":"Analysis completed","processingTime":133,"service":"deep-learning-content-recognition","timestamp":"2026-01-25 12:35:07","type":"image"}
{"id":26,"level":"info","message":"Analysis saved to database","service":"deep-learning-content-recognition","timestamp":"2026-01-25 12:35:07","type":"image"}
{"filename":"hq720.jpg","level":"info","message":"File validation passed","mimetype":"image/jpeg","service":"deep-learning-content-recognition","size":68204,"timestamp":"2026-01-25 12:35:26"}
{"filePath":"/home/xavious/Documents/Project/news_deep-learning-content-recognition/backend/storage/uploads/images/035b79d1131d4197807430260015eb02","level":"info","message":"Starting image analysis","service":"deep-learning-content-recognition","timestamp":"2026-01-25 12:35:26"}
{"category":"general","confidence":"32.82%","level":"info","message":"Analysis completed","processingTime":134,"service":"deep-learning-content-recognition","timestamp":"2026-01-25 12:35:26","type":"image"}
{"id":27,"level":"info","message":"Analysis saved to database","service":"deep-learning-content-recognition","timestamp":"2026-01-25 12:35:26","type":"image"}
{"filename":"collage-of-3-sixteen_nine.jpg","level":"info","message":"File validation passed","mimetype":"image/jpeg","service":"deep-learning-content-recognition","size":136272,"timestamp":"2026-01-25 12:36:01"}
{"filePath":"/home/xavious/Documents/Project/news_deep-learning-content-recognition/backend/storage/uploads/images/03d188d6b9a09e18f331d2c918cad704","level":"info","message":"Starting image analysis","service":"deep-learning-content-recognition","timestamp":"2026-01-25 12:36:01"}
{"category":"general","confidence":"24.49%","level":"info","message":"Analysis completed","processingTime":182,"service":"deep-learning-content-recognition","timestamp":"2026-01-25 12:36:01","type":"image"}
{"id":28,"level":"info","message":"Analysis saved to database","service":"deep-learning-content-recognition","timestamp":"2026-01-25 12:36:01","type":"image"}
{"level":"info","message":"SIGINT signal received: closing server","service":"deep-learning-content-recognition","timestamp":"2026-01-25 12:40:56"}
{"level":"info","message":"✅ Database initialized successfully","service":"deep-learning-content-recognition","timestamp":"2026-01-25 12:41:00"}
{"filename":"collage-of-3-sixteen_nine.jpg","level":"info","message":"File validation passed","mimetype":"image/jpeg","service":"deep-learning-content-recognition","size":136272,"timestamp":"2026-01-25 12:41:11"}
{"filePath":"/home/xavious/Documents/Project/news_deep-learning-content-recognition/backend/storage/uploads/images/fe679aef8f11215a6e420b0a08b1d094","level":"info","message":"Starting image analysis","service":"deep-learning-content-recognition","timestamp":"2026-01-25 12:41:11"}
{"category":"politics","confidence":"24.49%","level":"info","message":"Analysis completed","processingTime":8897,"service":"deep-learning-content-recognition","timestamp":"2026-01-25 12:41:20","type":"image"}
{"id":29,"level":"info","message":"Analysis saved to database","service":"deep-learning-content-recognition","timestamp":"2026-01-25 12:41:20","type":"image"}
{"filename":"collage-of-3-sixteen_nine.jpg","level":"info","message":"File validation passed","mimetype":"image/jpeg","service":"deep-learning-content-recognition","size":136272,"timestamp":"2026-01-25 12:42:22"}
{"filePath":"/home/xavious/Documents/Project/news_deep-learning-content-recognition/backend/storage/uploads/images/a31e926da3697ac119cd2e721b6df304","level":"info","message":"Starting image analysis","service":"deep-learning-content-recognition","timestamp":"2026-01-25 12:42:22"}
{"category":"politics","confidence":"24.49%","level":"info","message":"Analysis completed","processingTime":183,"service":"deep-learning-content-recognition","timestamp":"2026-01-25 12:42:23","type":"image"}
{"id":30,"level":"info","message":"Analysis saved to database","service":"deep-learning-content-recognition","timestamp":"2026-01-25 12:42:23","type":"image"}
{"error":"Invalid file type. Only JPEG, PNG, GIF images and MP4 videos are allowed.","ip":"::1","level":"error","message":"Error occurred","method":"POST","service":"deep-learning-content-recognition","stack":"Error: Invalid file type. Only JPEG, PNG, GIF images and MP4 videos are allowed.\n    at fileFilter (/home/xavious/Documents/Project/news_deep-learning-content-recognition/backend/middleware/fileUpload.js:33:12)\n    at wrappedFileFilter (/home/xavious/Documents/Project/news_deep-learning-content-recognition/backend/node_modules/multer/index.js:44:7)\n    at Multipart.<anonymous> (/home/xavious/Documents/Project/news_deep-learning-content-recognition/backend/node_modules/multer/lib/make-middleware.js:132:7)\n    at Multipart.emit (node:events:517:28)\n    at HeaderParser.cb (/home/xavious/Documents/Project/news_deep-learning-content-recognition/backend/node_modules/busboy/lib/types/multipart.js:358:14)\n    at HeaderParser.push (/home/xavious/Documents/Project/news_deep-learning-content-recognition/backend/node_modules/busboy/lib/types/multipart.js:162:20)\n    at SBMH.ssCb [as _cb] (/home/xavious/Documents/Project/news_deep-learning-content-recognition/backend/node_modules/busboy/lib/types/multipart.js:394:37)\n    at feed (/home/xavious/Documents/Project/news_deep-learning-content-recognition/backend/node_modules/streamsearch/lib/sbmh.js:219:14)\n    at SBMH.push (/home/xavious/Documents/Project/news_deep-learning-content-recognition/backend/node_modules/streamsearch/lib/sbmh.js:104:16)\n    at Multipart._write (/home/xavious/Documents/Project/news_deep-learning-content-recognition/backend/node_modules/busboy/lib/types/multipart.js:567:19)","timestamp":"2026-01-25 12:42:30","url":"/api/v1/analyze/image"}
{"filename":"Screenshot from 2026-01-25 12-44-22.png","level":"info","message":"File validation passed","mimetype":"image/png","service":"deep-learning-content-recognition","size":282137,"timestamp":"2026-01-25 12:44:41"}
{"filePath":"/home/xavious/Documents/Project/news_deep-learning-content-recognition/backend/storage/uploads/images/819c62a7bb9d947f77c6d20128bc1e8c","level":"info","message":"Starting image analysis","service":"deep-learning-content-recognition","timestamp":"2026-01-25 12:44:41"}
{"category":"politics","confidence":"24.94%","level":"info","message":"Analysis completed","processingTime":172,"service":"deep-learning-content-recognition","timestamp":"2026-01-25 12:44:41","type":"image"}
{"id":31,"level":"info","message":"Analysis saved to database","service":"deep-learning-content-recognition","timestamp":"2026-01-25 12:44:41","type":"image"}
{"filename":"3.jpg","level":"info","message":"File validation passed","mimetype":"image/jpeg","service":"deep-learning-content-recognition","size":6356591,"timestamp":"2026-01-25 12:46:53"}
{"filePath":"/home/xavious/Documents/Project/news_deep-learning-content-recognition/backend/storage/uploads/images/2392d87643088109bc49c89a641ef89c","level":"info","message":"Starting image analysis","service":"deep-learning-content-recognition","timestamp":"2026-01-25 12:46:53"}
{"category":"politics","confidence":"95.45%","level":"info","message":"Analysis completed","processingTime":454,"service":"deep-learning-content-recognition","timestamp":"2026-01-25 12:46:53","type":"image"}
{"id":32,"level":"info","message":"Analysis saved to database","service":"deep-learning-content-recognition","timestamp":"2026-01-25 12:46:53","type":"image"}
{"filename":"gettyimages-1205995997-612x612.jpg","level":"info","message":"File validation passed","mimetype":"image/jpeg","service":"deep-learning-content-recognition","size":40115,"timestamp":"2026-01-25 12:47:15"}
{"filePath":"/home/xavious/Documents/Project/news_deep-learning-content-recognition/backend/storage/uploads/images/9f1044260f7121ab3ddf3980f9ce99e3","level":"info","message":"Starting image analysis","service":"deep-learning-content-recognition","timestamp":"2026-01-25 12:47:15"}
{"category":"sports","confidence":"54.86%","level":"info","message":"Analysis completed","processingTime":130,"service":"deep-learning-content-recognition","timestamp":"2026-01-25 12:47:15","type":"image"}
{"id":33,"level":"info","message":"Analysis saved to database","service":"deep-learning-content-recognition","timestamp":"2026-01-25 12:47:15","type":"image"}
{"filename":"WhatsApp Image 2025-10-31 at 11.33.45 PM.jpeg","level":"info","message":"File validation passed","mimetype":"image/jpeg","service":"deep-learning-content-recognition","size":100622,"timestamp":"2026-01-25 12:47:28"}
{"filePath":"/home/xavious/Documents/Project/news_deep-learning-content-recognition/backend/storage/uploads/images/d2b0e556abbb6a696270fb7182aa90f6","level":"info","message":"Starting image analysis","service":"deep-learning-content-recognition","timestamp":"2026-01-25 12:47:28"}
{"category":"technology","confidence":"11.40%","level":"info","message":"Analysis completed","processingTime":242,"service":"deep-learning-content-recognition","timestamp":"2026-01-25 12:47:28","type":"image"}
{"id":34,"level":"info","message":"Analysis saved to database","service":"deep-learning-content-recognition","timestamp":"2026-01-25 12:47:28","type":"image"}
{"filename":"blue-haven-hostel-lk-kandy-bc-13796428-4.jpg","level":"info","message":"File validation passed","mimetype":"image/jpeg","service":"deep-learning-content-recognition","size":46169,"timestamp":"2026-01-25 12:47:45"}
{"filePath":"/home/xavious/Documents/Project/news_deep-learning-content-recognition/backend/storage/uploads/images/a45d877af1edeaa213411a5efd0463f6","level":"info","message":"Starting image analysis","service":"deep-learning-content-recognition","timestamp":"2026-01-25 12:47:45"}
{"category":"general","confidence":"18.82%","level":"info","message":"Analysis completed","processingTime":121,"service":"deep-learning-content-recognition","timestamp":"2026-01-25 12:47:45","type":"image"}
{"id":35,"level":"info","message":"Analysis saved to database","service":"deep-learning-content-recognition","timestamp":"2026-01-25 12:47:45","type":"image"}
{"filename":"acb93ad7_z_proc.jpg","level":"info","message":"File validation passed","mimetype":"image/jpeg","service":"deep-learning-content-recognition","size":137125,"timestamp":"2026-01-25 12:47:59"}
{"filePath":"/home/xavious/Documents/Project/news_deep-learning-content-recognition/backend/storage/uploads/images/a8b4b08daee6ab3e89a88e9fb0bfb5c5","level":"info","message":"Starting image analysis","service":"deep-learning-content-recognition","timestamp":"2026-01-25 12:47:59"}
{"category":"entertainment","confidence":"68.44%","level":"info","message":"Analysis completed","processingTime":166,"service":"deep-learning-content-recognition","timestamp":"2026-01-25 12:47:59","type":"image"}
{"id":36,"level":"info","message":"Analysis saved to database","service":"deep-learning-content-recognition","timestamp":"2026-01-25 12:47:59","type":"image"}
{"error":"Invalid file type. Only JPEG, PNG, GIF images and MP4 videos are allowed.","ip":"::1","level":"error","message":"Error occurred","method":"POST","service":"deep-learning-content-recognition","stack":"Error: Invalid file type. Only JPEG, PNG, GIF images and MP4 videos are allowed.\n    at fileFilter (/home/xavious/Documents/Project/news_deep-learning-content-recognition/backend/middleware/fileUpload.js:33:12)\n    at wrappedFileFilter (/home/xavious/Documents/Project/news_deep-learning-content-recognition/backend/node_modules/multer/index.js:44:7)\n    at Multipart.<anonymous> (/home/xavious/Documents/Project/news_deep-learning-content-recognition/backend/node_modules/multer/lib/make-middleware.js:132:7)\n    at Multipart.emit (node:events:517:28)\n    at HeaderParser.cb (/home/xavious/Documents/Project/news_deep-learning-content-recognition/backend/node_modules/busboy/lib/types/multipart.js:358:14)\n    at HeaderParser.push (/home/xavious/Documents/Project/news_deep-learning-content-recognition/backend/node_modules/busboy/lib/types/multipart.js:162:20)\n    at SBMH.ssCb [as _cb] (/home/xavious/Documents/Project/news_deep-learning-content-recognition/backend/node_modules/busboy/lib/types/multipart.js:394:37)\n    at feed (/home/xavious/Documents/Project/news_deep-learning-content-recognition/backend/node_modules/streamsearch/lib/sbmh.js:248:10)\n    at SBMH.push (/home/xavious/Documents/Project/news_deep-learning-content-recognition/backend/node_modules/streamsearch/lib/sbmh.js:104:16)\n    at Multipart._write (/home/xavious/Documents/Project/news_deep-learning-content-recognition/backend/node_modules/busboy/lib/types/multipart.js:567:19)","timestamp":"2026-01-25 13:08:43","url":"/api/v1/analyze/image"}
{"filename":"hq720.jpg","level":"info","message":"File validation passed","mimetype":"image/jpeg","service":"deep-learning-content-recognition","size":68204,"timestamp":"2026-01-25 13:10:59"}
{"filePath":"/home/xavious/Documents/Project/news_deep-learning-content-recognition/backend/storage/uploads/images/b650e3f2289f0b311090ca0a479345b7","level":"info","message":"Starting image analysis","service":"deep-learning-content-recognition","timestamp":"2026-01-25 13:10:59"}
{"category":"health","confidence":"32.82%","level":"info","message":"Analysis completed","processingTime":143,"service":"deep-learning-content-recognition","timestamp":"2026-01-25 13:10:59","type":"image"}
{"id":37,"level":"info","message":"Analysis saved to database","service":"deep-learning-content-recognition","timestamp":"2026-01-25 13:10:59","type":"image"}
{"filename":"hq720.jpg","level":"info","message":"File validation passed","mimetype":"image/jpeg","service":"deep-learning-content-recognition","size":68204,"timestamp":"2026-01-25 13:11:06"}
{"filePath":"/home/xavious/Documents/Project/news_deep-learning-content-recognition/backend/storage/uploads/images/e1e71568df56e888aea633a8d40a297c","level":"info","message":"Starting image analysis","service":"deep-learning-content-recognition","timestamp":"2026-01-25 13:11:06"}
{"category":"health","confidence":"32.82%","level":"info","message":"Analysis completed","processingTime":110,"service":"deep-learning-content-recognition","timestamp":"2026-01-25 13:11:06","type":"image"}
{"id":38,"level":"info","message":"Analysis saved to database","service":"deep-learning-content-recognition","timestamp":"2026-01-25 13:11:06","type":"image"}
{"filename":"collage-of-3-sixteen_nine.jpg","level":"info","message":"File validation passed","mimetype":"image/jpeg","service":"deep-learning-content-recognition","size":136272,"timestamp":"2026-01-25 13:11:12"}
{"filePath":"/home/xavious/Documents/Project/news_deep-learning-content-recognition/backend/storage/uploads/images/e996f443298f1bd68916ac052b14e30e","level":"info","message":"Starting image analysis","service":"deep-learning-content-recognition","timestamp":"2026-01-25 13:11:12"}
{"category":"politics","confidence":"24.49%","level":"info","message":"Analysis completed","processingTime":176,"service":"deep-learning-content-recognition","timestamp":"2026-01-25 13:11:13","type":"image"}
{"id":39,"level":"info","message":"Analysis saved to database","service":"deep-learning-content-recognition","timestamp":"2026-01-25 13:11:13","type":"image"}
{"filename":"gettyimages-1205995997-612x612.jpg","level":"info","message":"File validation passed","mimetype":"image/jpeg","service":"deep-learning-content-recognition","size":40115,"timestamp":"2026-01-25 13:11:20"}
{"filePath":"/home/xavious/Documents/Project/news_deep-learning-content-recognition/backend/storage/uploads/images/d8b70e08d50c705ef9401001e769623e","level":"info","message":"Starting image analysis","service":"deep-learning-content-recognition","timestamp":"2026-01-25 13:11:20"}
{"category":"sports","confidence":"54.86%","level":"info","message":"Analysis completed","processingTime":121,"service":"deep-learning-content-recognition","timestamp":"2026-01-25 13:11:21","type":"image"}
{"id":40,"level":"info","message":"Analysis saved to database","service":"deep-learning-content-recognition","timestamp":"2026-01-25 13:11:21","type":"image"}
{"level":"info","message":"SIGINT signal received: closing server","service":"deep-learning-content-recognition","timestamp":"2026-01-25 13:12:00"}
{"level":"info","message":"✅ Database initialized successfully","service":"deep-learning-content-recognition","timestamp":"2026-02-22 22:42:57"}
{"filename":"296_ROG Strix SCAR 17 SE (2022).png","level":"info","message":"File validation passed","mimetype":"image/png","service":"deep-learning-content-recognition","size":5301312,"timestamp":"2026-02-22 22:43:36"}
{"filePath":"C:\\Users\\ROG\\Desktop\\news_deep-learning-content-recognition\\backend\\storage\\uploads\\images\\7bd12fb1c1512184d0ff6f1faf42c865","level":"info","message":"Starting image analysis","service":"deep-learning-content-recognition","timestamp":"2026-02-22 22:43:36"}
{"level":"error","message":"Image analysis failed: Image analysis failed: Cannot read properties of undefined (reading 'decodeImage')","service":"deep-learning-content-recognition","stack":"Error: Image analysis failed: Cannot read properties of undefined (reading 'decodeImage')\n    at analyzeImage (C:\\Users\\ROG\\Desktop\\news_deep-learning-content-recognition\\backend\\models\\ai\\imageAnalyzer.js:476:15)\n    at async analyzeImage (C:\\Users\\ROG\\Desktop\\news_deep-learning-content-recognition\\backend\\services\\aiService.js:9:28)\n    at async exports.analyzeImageContent (C:\\Users\\ROG\\Desktop\\news_deep-learning-content-recognition\\backend\\controllers\\analyzeController.js:14:24)","timestamp":"2026-02-22 22:43:50"}
{"level":"info","message":"SIGINT signal received: closing server","service":"deep-learning-content-recognition","timestamp":"2026-02-22 22:46:56"}
{"level":"info","message":"✅ Database initialized successfully","service":"deep-learning-content-recognition","timestamp":"2026-02-22 22:46:59"}
{"filename":"296_ROG Strix SCAR 17 SE (2022).png","level":"info","message":"File validation passed","mimetype":"image/png","service":"deep-learning-content-recognition","size":5301312,"timestamp":"2026-02-22 22:47:08"}
{"filePath":"C:\\Users\\ROG\\Desktop\\news_deep-learning-content-recognition\\backend\\storage\\uploads\\images\\a30fdc8c13235f903bb58754dd0419eb","level":"info","message":"Starting image analysis","service":"deep-learning-content-recognition","timestamp":"2026-02-22 22:47:08"}
{"category":"general","confidence":"28.76%","level":"info","message":"Analysis completed","processingTime":16284,"service":"deep-learning-content-recognition","timestamp":"2026-02-22 22:47:24","type":"image"}
{"id":41,"level":"info","message":"Analysis saved to database","service":"deep-learning-content-recognition","timestamp":"2026-02-22 22:47:24","type":"image"}
{"filename":"296_ROG Strix SCAR 17 SE (2022).png","level":"info","message":"File validation passed","mimetype":"image/png","service":"deep-learning-content-recognition","size":5301312,"timestamp":"2026-02-22 22:48:42"}
{"filePath":"C:\\Users\\ROG\\Desktop\\news_deep-learning-content-recognition\\backend\\storage\\uploads\\images\\a8411b49fbeaf78c32bac0b13aec8fea","level":"info","message":"Starting image analysis","service":"deep-learning-content-recognition","timestamp":"2026-02-22 22:48:42"}
{"category":"general","confidence":"28.76%","level":"info","message":"Analysis completed","processingTime":2688,"service":"deep-learning-content-recognition","timestamp":"2026-02-22 22:48:44","type":"image"}
{"id":42,"level":"info","message":"Analysis saved to database","service":"deep-learning-content-recognition","timestamp":"2026-02-22 22:48:44","type":"image"}
{"level":"info","message":"SIGINT signal received: closing server","service":"deep-learning-content-recognition","timestamp":"2026-02-22 22:50:14"}
{"level":"info","message":"✅ Database initialized successfully","service":"deep-learning-content-recognition","timestamp":"2026-03-05 22:56:15"}
{"filename":"lalbugcharaja-homepage2024-2048x1377.jpeg","level":"info","message":"File validation passed","mimetype":"image/jpeg","service":"deep-learning-content-recognition","size":856908,"timestamp":"2026-03-05 22:57:16"}
{"filePath":"C:\\Users\\ROG\\Desktop\\news_deep-learning-content-recognition\\backend\\storage\\uploads\\images\\9a184400e7e228c8eea6821844b8220d","level":"info","message":"Starting image analysis","service":"deep-learning-content-recognition","timestamp":"2026-03-05 22:57:16"}
{"category":"general","confidence":"24.97%","level":"info","message":"Analysis completed","processingTime":15582,"service":"deep-learning-content-recognition","timestamp":"2026-03-05 22:57:32","type":"image"}
{"id":43,"level":"info","message":"Analysis saved to database","service":"deep-learning-content-recognition","timestamp":"2026-03-05 22:57:32","type":"image"}
{"filename":"news.png","level":"info","message":"File validation passed","mimetype":"image/png","service":"deep-learning-content-recognition","size":91216,"timestamp":"2026-03-05 22:58:06"}
{"filePath":"C:\\Users\\ROG\\Desktop\\news_deep-learning-content-recognition\\backend\\storage\\uploads\\images\\7caa8d7eadd04bc14676aff714279d9b","level":"info","message":"Starting image analysis","service":"deep-learning-content-recognition","timestamp":"2026-03-05 22:58:06"}
{"category":"general","confidence":"28.14%","level":"info","message":"Analysis completed","processingTime":2538,"service":"deep-learning-content-recognition","timestamp":"2026-03-05 22:58:09","type":"image"}
{"id":44,"level":"info","message":"Analysis saved to database","service":"deep-learning-content-recognition","timestamp":"2026-03-05 22:58:09","type":"image"}
{"level":"info","message":"✅ Database initialized successfully","service":"deep-learning-content-recognition","timestamp":"2026-07-14 04:00:59"}
{"filename":"TRUTH.png","level":"info","message":"File validation passed","mimetype":"image/png","service":"deep-learning-content-recognition","size":203809,"timestamp":"2026-07-14 04:01:40"}
{"filePath":"C:\\Users\\ROG\\Desktop\\news_deep-learning-content-recognition\\backend\\storage\\uploads\\images\\e08b37a820adc87872652dda67abb2d1","level":"info","message":"Starting image analysis","service":"deep-learning-content-recognition","timestamp":"2026-07-14 04:01:40"}
{"category":"general","confidence":"26.25%","level":"info","message":"Analysis completed","processingTime":17617,"service":"deep-learning-content-recognition","timestamp":"2026-07-14 04:01:58","type":"image"}
{"id":45,"level":"info","message":"Analysis saved to database","service":"deep-learning-content-recognition","timestamp":"2026-07-14 04:01:58","type":"image"}
{"level":"info","message":"SIGINT signal received: closing server","service":"deep-learning-content-recognition","timestamp":"2026-07-14 04:04:13"}
{"level":"info","message":"✅ Database initialized successfully","service":"deep-learning-content-recognition","timestamp":"2026-07-14 04:05:39"}
